2025-09-03 07:35:40,729 - ERROR - Файл не найден
2025-09-03 07:35:40,730 - INFO - Выполнена операция: get_data
2025-09-03 07:35:40,730 - INFO - Выполнена операция: sum
2025-09-03 07:35:40,730 - INFO - Выполнена операция: max
2025-09-03 07:35:40,730 - INFO - Выполнена операция: min
2025-09-03 07:35:40,730 - INFO - Выполнена операция: average
2025-09-03 07:36:40,737 - ERROR - Файл не найден
2025-09-03 07:36:40,737 - INFO - Данные обновлены
2025-09-03 07:37:40,745 - ERROR - Файл не найден
2025-09-03 07:37:40,745 - INFO - Данные обновлены
2025-09-03 07:38:40,751 - ERROR - Файл не найден
2025-09-03 07:38:40,751 - INFO - Данные обновлены
2025-09-03 07:39:40,753 - ERROR - Файл не найден
2025-09-03 07:39:40,753 - INFO - Данные обновлены
2025-09-03 07:40:40,758 - ERROR - Файл не найден
2025-09-03 07:40:40,758 - INFO - Данные обновлены
2025-09-03 07:41:40,764 - ERROR - Файл не найден
2025-09-03 07:41:40,764 - INFO - Данные обновлены
2025-09-03 07:42:40,770 - ERROR - Файл не найден
2025-09-03 07:42:40,770 - INFO - Данные обновлены
2025-09-03 07:43:40,774 - ERROR - Файл не найден
2025-09-03 07:43:40,774 - INFO - Данные обновлены
