[2025-09-03 07:44:24] Log file initialized
[2025-09-03 07:44:24] Accessing numbers from: File: numbers.txt (Numbers: 5)
[2025-09-03 07:44:24] Retrieved 5 numbers
[2025-09-03 07:44:27] Accessing numbers from: File: numbers.txt (Numbers: 5)
[2025-09-03 07:44:27] Retrieved 6 numbers
[2025-09-03 07:44:27] Accessing numbers from: File: numbers.txt (Numbers: 6)
[2025-09-03 07:44:27] Retrieved 6 numbers
[2025-09-03 07:44:27] Accessing numbers from: File: data.txt (Numbers: 5)
[2025-09-03 07:44:27] Retrieved 5 numbers
[2025-09-03 07:44:27] Accessing numbers from: File: data.txt (Numbers: 5)
[2025-09-03 07:44:27] Retrieved 5 numbers
[2025-09-03 07:44:27] Accessing numbers from: File: data.txt (Numbers: 5)
[2025-09-03 07:44:27] Retrieved 5 numbers
[2025-09-03 07:44:27] Data monitoring started
[2025-09-03 07:44:27] Accessing numbers from: File: data.txt (Numbers: 5)
[2025-09-03 07:44:27] Retrieved 5 numbers
[2025-09-03 07:44:30] Accessing numbers from: File: data.txt (Numbers: 5)
[2025-09-03 07:44:30] Retrieved 5 numbers
[2025-09-03 07:44:33] Accessing numbers from: File: data.txt (Numbers: 5)
[2025-09-03 07:44:33] Retrieved 5 numbers
[2025-09-03 07:44:36] Accessing numbers from: File: data.txt (Numbers: 5)
[2025-09-03 07:44:36] Retrieved 5 numbers
[2025-09-03 07:44:39] Accessing numbers from: File: data.txt (Numbers: 5)
[2025-09-03 07:44:39] Retrieved 5 numbers
[2025-09-03 07:44:42] Accessing numbers from: File: data.txt (Numbers: 5)
[2025-09-03 07:44:42] Retrieved 5 numbers
[2025-09-03 07:44:45] Accessing numbers from: File: data.txt (Numbers: 5)
[2025-09-03 07:44:45] Retrieved 5 numbers
[2025-09-03 07:44:48] Accessing numbers from: File: data.txt (Numbers: 5)
[2025-09-03 07:44:48] Retrieved 5 numbers
[2025-09-03 07:44:51] Accessing numbers from: File: data.txt (Numbers: 5)
[2025-09-03 07:44:51] Retrieved 5 numbers
[2025-09-03 07:44:54] Accessing numbers from: File: data.txt (Numbers: 5)
[2025-09-03 07:44:54] Retrieved 5 numbers
[2025-09-03 07:44:57] Accessing numbers from: File: data.txt (Numbers: 5)
[2025-09-03 07:44:57] Retrieved 5 numbers
[2025-09-03 07:45:00] Accessing numbers from: File: data.txt (Numbers: 5)
[2025-09-03 07:45:00] Retrieved 5 numbers
[2025-09-03 07:45:03] Accessing numbers from: File: data.txt (Numbers: 5)
[2025-09-03 07:45:03] Retrieved 5 numbers
[2025-09-03 07:45:06] Accessing numbers from: File: data.txt (Numbers: 5)
[2025-09-03 07:45:06] Retrieved 5 numbers
[2025-09-03 07:45:09] Accessing numbers from: File: data.txt (Numbers: 5)
[2025-09-03 07:45:09] Retrieved 5 numbers
[2025-09-03 07:45:12] Accessing numbers from: File: data.txt (Numbers: 5)
[2025-09-03 07:45:12] Retrieved 5 numbers
[2025-09-03 07:45:15] Accessing numbers from: File: data.txt (Numbers: 5)
[2025-09-03 07:45:15] Retrieved 5 numbers
[2025-09-03 07:45:18] Accessing numbers from: File: data.txt (Numbers: 5)
[2025-09-03 07:45:18] Retrieved 5 numbers
[2025-09-03 07:45:21] Accessing numbers from: File: data.txt (Numbers: 5)
[2025-09-03 07:45:21] Retrieved 5 numbers
[2025-09-03 07:45:24] Accessing numbers from: File: data.txt (Numbers: 5)
[2025-09-03 07:45:24] Retrieved 5 numbers
[2025-09-03 07:45:27] Accessing numbers from: File: data.txt (Numbers: 5)
[2025-09-03 07:45:27] Retrieved 5 numbers
[2025-09-03 07:45:30] Accessing numbers from: File: data.txt (Numbers: 5)
[2025-09-03 07:45:30] Retrieved 5 numbers
[2025-09-03 07:45:33] Accessing numbers from: File: data.txt (Numbers: 5)
[2025-09-03 07:45:33] Retrieved 5 numbers
[2025-09-03 07:45:36] Accessing numbers from: File: data.txt (Numbers: 5)
[2025-09-03 07:45:36] Retrieved 5 numbers
[2025-09-03 07:45:39] Accessing numbers from: File: data.txt (Numbers: 5)
[2025-09-03 07:45:39] Retrieved 5 numbers
[2025-09-03 07:45:42] Accessing numbers from: File: data.txt (Numbers: 5)
[2025-09-03 07:45:42] Retrieved 5 numbers
[2025-09-03 07:45:45] Accessing numbers from: File: data.txt (Numbers: 5)
[2025-09-03 07:45:45] Retrieved 5 numbers
[2025-09-03 07:45:48] Accessing numbers from: File: data.txt (Numbers: 5)
[2025-09-03 07:45:48] Retrieved 5 numbers
[2025-09-03 07:45:51] Accessing numbers from: File: data.txt (Numbers: 5)
[2025-09-03 07:45:51] Retrieved 5 numbers
[2025-09-03 07:45:54] Accessing numbers from: File: data.txt (Numbers: 5)
[2025-09-03 07:45:54] Retrieved 5 numbers
[2025-09-03 07:45:57] Accessing numbers from: File: data.txt (Numbers: 5)
[2025-09-03 07:45:57] Retrieved 5 numbers
[2025-09-03 07:46:00] Accessing numbers from: File: data.txt (Numbers: 5)
[2025-09-03 07:46:00] Retrieved 5 numbers
[2025-09-03 07:46:03] Accessing numbers from: File: data.txt (Numbers: 5)
[2025-09-03 07:46:03] Retrieved 5 numbers
[2025-09-03 07:46:06] Accessing numbers from: File: data.txt (Numbers: 5)
[2025-09-03 07:46:06] Retrieved 5 numbers
[2025-09-03 07:46:09] Accessing numbers from: File: data.txt (Numbers: 5)
[2025-09-03 07:46:09] Retrieved 5 numbers
[2025-09-03 07:46:12] Accessing numbers from: File: data.txt (Numbers: 5)
[2025-09-03 07:46:12] Retrieved 5 numbers
[2025-09-03 07:46:15] Accessing numbers from: File: data.txt (Numbers: 5)
[2025-09-03 07:46:15] Retrieved 5 numbers
[2025-09-03 07:46:18] Accessing numbers from: File: data.txt (Numbers: 5)
[2025-09-03 07:46:18] Retrieved 5 numbers
[2025-09-03 07:46:21] Accessing numbers from: File: data.txt (Numbers: 5)
[2025-09-03 07:46:21] Retrieved 5 numbers
[2025-09-03 07:46:24] Accessing numbers from: File: data.txt (Numbers: 5)
[2025-09-03 07:46:24] Retrieved 5 numbers
[2025-09-03 07:46:27] Accessing numbers from: File: data.txt (Numbers: 5)
[2025-09-03 07:46:27] Retrieved 5 numbers
[2025-09-03 07:46:30] Data monitoring stopped
[2025-09-03 07:46:33] Log file initialized
[2025-09-03 07:46:33] Accessing numbers from: File: numbers.txt (Numbers: 5)
[2025-09-03 07:46:33] Retrieved 5 numbers
[2025-09-03 07:46:36] Accessing numbers from: File: numbers.txt (Numbers: 5)
[2025-09-03 07:46:36] Retrieved 6 numbers
[2025-09-03 07:46:36] Accessing numbers from: File: numbers.txt (Numbers: 6)
[2025-09-03 07:46:36] Retrieved 6 numbers
[2025-09-03 07:46:36] Accessing numbers from: File: data.txt (Numbers: 5)
[2025-09-03 07:46:36] Retrieved 5 numbers
[2025-09-03 07:46:36] Accessing numbers from: File: data.txt (Numbers: 5)
[2025-09-03 07:46:36] Retrieved 5 numbers
[2025-09-03 07:46:36] Accessing numbers from: File: data.txt (Numbers: 5)
[2025-09-03 07:46:36] Retrieved 5 numbers
[2025-09-03 07:46:36] Data monitoring started
[2025-09-03 07:46:36] Accessing numbers from: File: data.txt (Numbers: 5)
[2025-09-03 07:46:36] Retrieved 5 numbers
[2025-09-03 07:46:39] Accessing numbers from: File: data.txt (Numbers: 5)
[2025-09-03 07:46:39] Retrieved 5 numbers
[2025-09-03 07:46:42] Accessing numbers from: File: data.txt (Numbers: 5)
[2025-09-03 07:46:42] Retrieved 5 numbers
[2025-09-03 07:46:45] Accessing numbers from: File: data.txt (Numbers: 5)
[2025-09-03 07:46:45] Retrieved 5 numbers
[2025-09-03 07:46:45] Data monitoring stopped
[2025-09-03 07:55:03] Log file initialized
[2025-09-03 07:55:03] Accessing numbers from: File: numbers.txt (Numbers: 5)
[2025-09-03 07:55:03] Retrieved 5 numbers
[2025-09-03 07:55:06] Accessing numbers from: File: numbers.txt (Numbers: 5)
[2025-09-03 07:55:06] Retrieved 6 numbers
[2025-09-03 07:55:06] Accessing numbers from: File: numbers.txt (Numbers: 6)
[2025-09-03 07:55:06] Retrieved 6 numbers
[2025-09-03 07:55:06] Accessing numbers from: File: data.txt (Numbers: 5)
[2025-09-03 07:55:06] Retrieved 5 numbers
[2025-09-03 07:55:06] Accessing numbers from: File: data.txt (Numbers: 5)
[2025-09-03 07:55:06] Retrieved 5 numbers
[2025-09-03 07:55:06] Accessing numbers from: File: data.txt (Numbers: 5)
[2025-09-03 07:55:06] Retrieved 5 numbers
[2025-09-03 07:55:06] Data monitoring started
[2025-09-03 07:55:06] Accessing numbers from: File: data.txt (Numbers: 5)
[2025-09-03 07:55:06] Retrieved 5 numbers
[2025-09-03 07:55:09] Accessing numbers from: File: data.txt (Numbers: 5)
[2025-09-03 07:55:09] Retrieved 5 numbers
[2025-09-03 07:55:12] Accessing numbers from: File: data.txt (Numbers: 5)
[2025-09-03 07:55:12] Retrieved 5 numbers
[2025-09-03 07:55:15] Accessing numbers from: File: data.txt (Numbers: 5)
[2025-09-03 07:55:15] Retrieved 5 numbers
[2025-09-03 07:55:18] Accessing numbers from: File: data.txt (Numbers: 5)
[2025-09-03 07:55:18] Retrieved 5 numbers
[2025-09-03 07:55:21] Accessing numbers from: File: data.txt (Numbers: 5)
[2025-09-03 07:55:21] Retrieved 5 numbers
[2025-09-03 07:55:24] Accessing numbers from: File: data.txt (Numbers: 5)
[2025-09-03 07:55:24] Retrieved 5 numbers
[2025-09-03 07:55:27] Accessing numbers from: File: data.txt (Numbers: 5)
[2025-09-03 07:55:27] Retrieved 5 numbers
[2025-09-03 07:55:30] Accessing numbers from: File: data.txt (Numbers: 5)
[2025-09-03 07:55:30] Retrieved 5 numbers
[2025-09-03 07:55:33] Accessing numbers from: File: data.txt (Numbers: 5)
[2025-09-03 07:55:33] Retrieved 5 numbers
[2025-09-03 07:55:36] Accessing numbers from: File: data.txt (Numbers: 5)
[2025-09-03 07:55:36] Retrieved 5 numbers
[2025-09-03 07:55:39] Accessing numbers from: File: data.txt (Numbers: 5)
[2025-09-03 07:55:39] Retrieved 5 numbers
[2025-09-03 07:55:42] Accessing numbers from: File: data.txt (Numbers: 5)
[2025-09-03 07:55:42] Retrieved 5 numbers
[2025-09-03 07:55:45] Accessing numbers from: File: data.txt (Numbers: 5)
[2025-09-03 07:55:45] Retrieved 5 numbers
[2025-09-03 07:55:48] Accessing numbers from: File: data.txt (Numbers: 5)
[2025-09-03 07:55:48] Retrieved 5 numbers
[2025-09-03 07:55:51] Accessing numbers from: File: data.txt (Numbers: 5)
[2025-09-03 07:55:51] Retrieved 5 numbers
[2025-09-03 07:55:54] Accessing numbers from: File: data.txt (Numbers: 5)
[2025-09-03 07:55:54] Retrieved 5 numbers
[2025-09-03 07:55:57] Accessing numbers from: File: data.txt (Numbers: 5)
[2025-09-03 07:55:57] Retrieved 5 numbers
[2025-09-03 07:56:00] Accessing numbers from: File: data.txt (Numbers: 5)
[2025-09-03 07:56:00] Retrieved 5 numbers
[2025-09-03 07:56:03] Accessing numbers from: File: data.txt (Numbers: 5)
[2025-09-03 07:56:03] Retrieved 5 numbers
[2025-09-03 07:56:06] Accessing numbers from: File: data.txt (Numbers: 5)
[2025-09-03 07:56:06] Retrieved 5 numbers
[2025-09-03 07:56:09] Accessing numbers from: File: data.txt (Numbers: 5)
[2025-09-03 07:56:09] Retrieved 5 numbers
[2025-09-03 07:56:12] Accessing numbers from: File: data.txt (Numbers: 5)
[2025-09-03 07:56:12] Retrieved 5 numbers
[2025-09-03 07:56:15] Accessing numbers from: File: data.txt (Numbers: 5)
[2025-09-03 07:56:15] Retrieved 5 numbers
[2025-09-03 07:56:18] Accessing numbers from: File: data.txt (Numbers: 5)
[2025-09-03 07:56:18] Retrieved 5 numbers
[2025-09-03 07:56:21] Accessing numbers from: File: data.txt (Numbers: 5)
[2025-09-03 07:56:21] Retrieved 5 numbers
[2025-09-03 07:56:24] Accessing numbers from: File: data.txt (Numbers: 5)
[2025-09-03 07:56:24] Retrieved 5 numbers
[2025-09-03 07:56:27] Accessing numbers from: File: data.txt (Numbers: 5)
[2025-09-03 07:56:27] Retrieved 5 numbers
[2025-09-03 07:56:30] Accessing numbers from: File: data.txt (Numbers: 5)
[2025-09-03 07:56:30] Retrieved 5 numbers
[2025-09-03 07:56:33] Accessing numbers from: File: data.txt (Numbers: 5)
[2025-09-03 07:56:33] Retrieved 5 numbers
[2025-09-03 07:56:36] Accessing numbers from: File: data.txt (Numbers: 5)
[2025-09-03 07:56:36] Retrieved 5 numbers
[2025-09-03 07:56:38] Data monitoring stopped
[2025-09-03 07:58:14] Log file initialized
[2025-09-03 07:58:14] Accessing numbers from: File: numbers.txt (Numbers: 5)
[2025-09-03 07:58:14] Retrieved 5 numbers
[2025-09-03 07:58:17] Accessing numbers from: File: numbers.txt (Numbers: 5)
[2025-09-03 07:58:17] Retrieved 6 numbers
[2025-09-03 07:58:17] Accessing numbers from: File: numbers.txt (Numbers: 6)
[2025-09-03 07:58:17] Retrieved 6 numbers
[2025-09-03 07:58:17] Accessing numbers from: File: data.txt (Numbers: 5)
[2025-09-03 07:58:17] Retrieved 5 numbers
[2025-09-03 07:58:17] Accessing numbers from: File: data.txt (Numbers: 5)
[2025-09-03 07:58:17] Retrieved 5 numbers
[2025-09-03 07:58:17] Accessing numbers from: File: data.txt (Numbers: 5)
[2025-09-03 07:58:17] Retrieved 5 numbers
[2025-09-03 08:00:56] Log file initialized
[2025-09-03 08:00:56] Accessing numbers from: File: numbers.txt (Numbers: 5)
[2025-09-03 08:00:56] Retrieved 5 numbers
[2025-09-03 08:00:59] Accessing numbers from: File: numbers.txt (Numbers: 5)
[2025-09-03 08:00:59] Retrieved 6 numbers
[2025-09-03 08:00:59] Accessing numbers from: File: numbers.txt (Numbers: 6)
[2025-09-03 08:00:59] Retrieved 6 numbers
[2025-09-03 08:00:59] Accessing numbers from: File: data.txt (Numbers: 5)
[2025-09-03 08:00:59] Retrieved 5 numbers
[2025-09-03 08:00:59] Accessing numbers from: File: data.txt (Numbers: 5)
[2025-09-03 08:00:59] Retrieved 5 numbers
[2025-09-03 08:00:59] Accessing numbers from: File: data.txt (Numbers: 5)
[2025-09-03 08:00:59] Retrieved 5 numbers
